<?xml version="1.0" encoding="UTF-8"?>
<!-- Generated by org.testng.reporters.JUnitXMLReporter -->
<testsuite ignored="5" hostname="DacPCGkim" failures="0" tests="1" name="EEG Verify that the new case will be created after inputting valid information on all required fields by intake." time="93.644" errors="0" timestamp="2022-09-12T11:38:05 ICT">
  <testcase classname="com.scripts.EEG" name="EEG_create_case" time="90.336"/>
  <testcase classname="com.scripts.EEG" name="EEG_to_aprrove3" time="0.0">
    <ignored/>
  </testcase> <!-- EEG_to_aprrove3 -->
  <testcase classname="com.scripts.EEG" name="EEG_approve1_to_assign_follow_up" time="0.0">
    <ignored/>
  </testcase> <!-- EEG_approve1_to_assign_follow_up -->
  <testcase classname="com.scripts.EEG" name="EEG_new_to_assign" time="0.0">
    <ignored/>
  </testcase> <!-- EEG_new_to_assign -->
  <testcase classname="com.scripts.EEG" name="EEG_to_complete" time="0.0">
    <ignored/>
  </testcase> <!-- EEG_to_complete -->
  <testcase classname="com.scripts.EEG" name="EEG_assign_to_approve1" time="0.0">
    <ignored/>
  </testcase> <!-- EEG_assign_to_approve1 -->
</testsuite> <!-- EEG Verify that the new case will be created after inputting valid information on all required fields by intake. -->
