<?xml version="1.0" encoding="UTF-8"?>
<!-- Generated by org.testng.reporters.JUnitXMLReporter -->
<testsuite ignored="5" hostname="DacPCGkim" failures="0" tests="1" name="Genetics Verify that the case will be changed from new to assign when click submit button after save all required field by pss." time="54.469" errors="0" timestamp="2022-09-12T11:32:24 ICT">
  <testcase classname="com.scripts.Genetics" name="Genetics_new_to_assign" time="51.148"/>
  <testcase classname="com.scripts.Genetics" name="Genetics_to_complete" time="0.0">
    <ignored/>
  </testcase> <!-- Genetics_to_complete -->
  <testcase classname="com.scripts.Genetics" name="Genetics_approve1_to_AFU" time="0.0">
    <ignored/>
  </testcase> <!-- Genetics_approve1_to_AFU -->
  <testcase classname="com.scripts.Genetics" name="Genetics_create_case" time="0.0">
    <ignored/>
  </testcase> <!-- Genetics_create_case -->
  <testcase classname="com.scripts.Genetics" name="Genetics_to_aprrove3" time="0.0">
    <ignored/>
  </testcase> <!-- Genetics_to_aprrove3 -->
  <testcase classname="com.scripts.Genetics" name="Genetics_assign_to_approve1" time="0.0">
    <ignored/>
  </testcase> <!-- Genetics_assign_to_approve1 -->
</testsuite> <!-- Genetics Verify that the case will be changed from new to assign when click submit button after save all required field by pss. -->
