<?xml version="1.0" encoding="UTF-8"?>
<!-- Generated by org.testng.reporters.JUnitXMLReporter -->
<testsuite ignored="5" hostname="DacPCGkim" failures="0" tests="1" name="Genetics Verify that the case can change from assign follow up to approved 3 when click approved button after save all required field by provider." time="36.422" errors="0" timestamp="2022-09-12T11:35:48 ICT">
  <testcase classname="com.scripts.Genetics" name="Genetics_to_aprrove3" time="33.126"/>
  <testcase classname="com.scripts.Genetics" name="Genetics_to_complete" time="0.0">
    <ignored/>
  </testcase> <!-- Genetics_to_complete -->
  <testcase classname="com.scripts.Genetics" name="Genetics_new_to_assign" time="0.0">
    <ignored/>
  </testcase> <!-- Genetics_new_to_assign -->
  <testcase classname="com.scripts.Genetics" name="Genetics_approve1_to_AFU" time="0.0">
    <ignored/>
  </testcase> <!-- Genetics_approve1_to_AFU -->
  <testcase classname="com.scripts.Genetics" name="Genetics_create_case" time="0.0">
    <ignored/>
  </testcase> <!-- Genetics_create_case -->
  <testcase classname="com.scripts.Genetics" name="Genetics_assign_to_approve1" time="0.0">
    <ignored/>
  </testcase> <!-- Genetics_assign_to_approve1 -->
</testsuite> <!-- Genetics Verify that the case can change from assign follow up to approved 3 when click approved button after save all required field by provider. -->
