<?xml version="1.0" encoding="UTF-8"?>
<!-- Generated by org.testng.reporters.JUnitXMLReporter -->
<testsuite ignored="3" hostname="DacPCGkim" failures="0" tests="1" name="Default test" time="79.992" errors="0" timestamp="2022-11-30T13:42:01 ICT">
  <testcase classname="com.scripts.beauty" name="Beauty_create_case" time="75.418"/>
  <testcase classname="com.scripts.beauty" name="complete" time="0.0">
    <ignored/>
  </testcase> <!-- complete -->
  <testcase classname="com.scripts.beauty" name="Beauty_new_to_assign" time="0.0">
    <ignored/>
  </testcase> <!-- Beauty_new_to_assign -->
  <testcase classname="com.scripts.beauty" name="Beauty_assign_to_approve" time="0.0">
    <ignored/>
  </testcase> <!-- Beauty_assign_to_approve -->
</testsuite> <!-- Default test -->
