<?xml version="1.0" encoding="UTF-8"?>
<!-- Generated by org.testng.reporters.JUnitXMLReporter -->
<testsuite ignored="3" hostname="DacPCGkim" failures="0" tests="1" name="Verify that the case can change from approved to complete by pss when click approved button by pss." time="132.322" errors="0" timestamp="2022-08-10T14:07:39 ICT">
  <testcase classname="com.scripts.MDR_intake" name="complete" time="124.957"/>
  <testcase classname="com.scripts.MDR_intake" name="MDR_assign_to_approve" time="0.0">
    <ignored/>
  </testcase> <!-- MDR_assign_to_approve -->
  <testcase classname="com.scripts.MDR_intake" name="MDR_new_to_assign" time="0.0">
    <ignored/>
  </testcase> <!-- MDR_new_to_assign -->
  <testcase classname="com.scripts.MDR_intake" name="MDR_create_new_case" time="0.0">
    <ignored/>
  </testcase> <!-- MDR_create_new_case -->
</testsuite> <!-- Verify that the case can change from approved to complete by pss when click approved button by pss. -->
